<?xml version="1.0" encoding="UTF-8"?>
<testsuite name="ru.netology.test.BankLoginTest" tests="3" skipped="0" failures="0" errors="0" timestamp="2022-11-18T18:14:06" hostname="MacBook-Air-Aleksej.local" time="15.061">
  <properties/>
  <testcase name="Should get error notification if user is not exist in base" classname="ru.netology.test.BankLoginTest" time="11.371"/>
  <testcase name="Should successfully login to dashboard with exist login and password" classname="ru.netology.test.BankLoginTest" time="2.357"/>
  <testcase name="Should get error notification if login exist in base and active user without verification" classname="ru.netology.test.BankLoginTest" time="1.331"/>
  <system-out><![CDATA[]]></system-out>
  <system-err><![CDATA[SLF4J: No SLF4J providers were found.
SLF4J: Defaulting to no-operation (NOP) logger implementation
SLF4J: See https://www.slf4j.org/codes.html#noProviders for further details.
log4j:WARN No appenders could be found for logger (io.netty.util.internal.logging.InternalLoggerFactory).
log4j:WARN Please initialize the log4j system properly.
log4j:WARN See http://logging.apache.org/log4j/1.2/faq.html#noconfig for more info.
Starting ChromeDriver 107.0.5304.62 (1eec40d3a5764881c92085aaee66d25075c159aa-refs/branch-heads/5304@{#942}) on port 58604
Only local connections are allowed.
Please see https://chromedriver.chromium.org/security-considerations for suggestions on keeping ChromeDriver safe.
ChromeDriver was started successfully.
нояб. 18, 2022 9:14:13 PM org.openqa.selenium.remote.ProtocolHandshake createSession
INFO: Detected upstream dialect: W3C
нояб. 18, 2022 9:14:13 PM org.openqa.selenium.devtools.CdpVersionFinder findNearestMatch
WARNING: Unable to find an exact match for CDP version 107, so returning the closest version found: 106
нояб. 18, 2022 9:14:13 PM org.openqa.selenium.devtools.CdpVersionFinder findNearestMatch
INFO: Found CDP implementation for version 107 of 106
]]></system-err>
</testsuite>
